Using pre-set license
Built from '2020.3/staging' branch; Version is '2020.3.3f1 (76626098c1c4) revision 7758432'; Using compiler version '192528614'; Build Type 'Release'
OS: 'Windows 10 Home; OS build 19042.1052; Version 2009; 64bit' Language: 'en' Physical Memory: 16225 MB
BatchMode: 1, IsHumanControllingUs: 0, StartBugReporterOnCrash: 0, Is64bit: 1, IsPro: 0

 COMMAND LINE ARGUMENTS:
C:\Program Files\Unity\Hub\Editor\2020.3.3f1\Editor\Unity.exe
-adb2
-batchMode
-noUpm
-name
AssetImportWorker0
-projectPath
D:/Development/Projects/Unity/Lab Terminal
-logFile
Logs/AssetImportWorker0.log
-srvPort
64821
Successfully changed project path to: D:/Development/Projects/Unity/Lab Terminal
D:/Development/Projects/Unity/Lab Terminal
Using Asset Import Pipeline V2.
Refreshing native plugins compatible for Editor in 39.16 ms, found 0 plugins.
Preloading 0 native plugins for Editor in 0.00 ms.
Initialize engine version: 2020.3.3f1 (76626098c1c4)
[Subsystems] Discovering subsystems at path C:/Program Files/Unity/Hub/Editor/2020.3.3f1/Editor/Data/Resources/UnitySubsystems
[Subsystems] Discovering subsystems at path D:/Development/Projects/Unity/Lab Terminal/Assets
GfxDevice: creating device client; threaded=0
Direct3D:
    Version:  Direct3D 11.0 [level 11.1]
    Renderer: Intel(R) UHD Graphics 620 (ID=0x5917)
    Vendor:   
    VRAM:     8112 MB
    Driver:   27.20.100.8681
Initialize mono
Mono path[0] = 'C:/Program Files/Unity/Hub/Editor/2020.3.3f1/Editor/Data/Managed'
Mono path[1] = 'C:/Program Files/Unity/Hub/Editor/2020.3.3f1/Editor/Data/MonoBleedingEdge/lib/mono/unityjit'
Mono config path = 'C:/Program Files/Unity/Hub/Editor/2020.3.3f1/Editor/Data/MonoBleedingEdge/etc'
Using monoOptions --debugger-agent=transport=dt_socket,embedding=1,server=y,suspend=n,address=127.0.0.1:56168
Begin MonoManager ReloadAssembly
Registering precompiled unity dll's ...
Register platform support module: C:/Program Files/Unity/Hub/Editor/2020.3.3f1/Editor/Data/PlaybackEngines/WebGLSupport/UnityEditor.WebGL.Extensions.dll
Register platform support module: C:/Program Files/Unity/Hub/Editor/2020.3.3f1/Editor/Data/PlaybackEngines/WindowsStandaloneSupport/UnityEditor.WindowsStandalone.Extensions.dll
Registered in 0.008386 seconds.
Native extension for WindowsStandalone target not found
Native extension for WebGL target not found
Refreshing native plugins compatible for Editor in 96.89 ms, found 0 plugins.
Preloading 0 native plugins for Editor in 0.00 ms.
Invoked RoslynAnalysisRunner static constructor.
RoslynAnalysisRunner will not be running.
RoslynAnalysisRunner has terminated.
Mono: successfully reloaded assembly
- Completed reload, in  5.173 seconds
Platform modules already initialized, skipping
Registering precompiled user dll's ...
Registered in 0.002795 seconds.
Begin MonoManager ReloadAssembly
Native extension for WindowsStandalone target not found
Native extension for WebGL target not found
Refreshing native plugins compatible for Editor in 0.47 ms, found 0 plugins.
Preloading 0 native plugins for Editor in 0.00 ms.
Invoked RoslynAnalysisRunner static constructor.
RoslynAnalysisRunner will not be running.
RoslynAnalysisRunner has terminated.
Mono: successfully reloaded assembly
- Completed reload, in  2.507 seconds
Platform modules already initialized, skipping
========================================================================
Worker process is ready to serve import requests
Launched and connected shader compiler UnityShaderCompiler.exe after 0.09 seconds
Refreshing native plugins compatible for Editor in 0.78 ms, found 0 plugins.
Preloading 0 native plugins for Editor in 0.00 ms.
Unloading 1287 Unused Serialized files (Serialized files now loaded: 0)
System memory in use before: 65.7 MB.
System memory in use after: 65.8 MB.

Unloading 12 unused Assets to reduce memory usage. Loaded Objects now: 1740.
Total: 5.272000 ms (FindLiveObjects: 0.429600 ms CreateObjectMapping: 0.132500 ms MarkObjects: 4.488500 ms  DeleteObjects: 0.218900 ms)

========================================================================
Received Prepare
Registering precompiled user dll's ...
Registered in 0.006857 seconds.
Begin MonoManager ReloadAssembly
Native extension for WindowsStandalone target not found
Native extension for WebGL target not found
Refreshing native plugins compatible for Editor in 0.33 ms, found 0 plugins.
Preloading 0 native plugins for Editor in 0.00 ms.
Invoked RoslynAnalysisRunner static constructor.
RoslynAnalysisRunner will not be running.
RoslynAnalysisRunner has terminated.
Mono: successfully reloaded assembly
- Completed reload, in  2.035 seconds
Platform modules already initialized, skipping
Refreshing native plugins compatible for Editor in 0.36 ms, found 0 plugins.
Preloading 0 native plugins for Editor in 0.00 ms.
Unloading 1274 Unused Serialized files (Serialized files now loaded: 0)
System memory in use before: 64.9 MB.
System memory in use after: 65.0 MB.

Unloading 7 unused Assets to reduce memory usage. Loaded Objects now: 1743.
Total: 4.681400 ms (FindLiveObjects: 0.796600 ms CreateObjectMapping: 0.404100 ms MarkObjects: 3.386500 ms  DeleteObjects: 0.092100 ms)

========================================================================
Received Import Request.
  path: Assets/Terminal.cs
  artifactKey: Guid(4133b506092d5ba449296673050c0eb1) Importer(815301076,1909f56bfc062723c751e8b465ee728b)
Start importing Assets/Terminal.cs using Guid(4133b506092d5ba449296673050c0eb1) Importer(815301076,1909f56bfc062723c751e8b465ee728b)  -> (artifact id: '162ab0e4ab5811088ac75b03c5543b88') in 0.122805 seconds
  Import took 0.129089 seconds .

========================================================================
Received Import Request.
  Time since last request: 799.551810 seconds.
  path: Assets/Terminal.cs
  artifactKey: Guid(4133b506092d5ba449296673050c0eb1) Importer(815301076,1909f56bfc062723c751e8b465ee728b)
Start importing Assets/Terminal.cs using Guid(4133b506092d5ba449296673050c0eb1) Importer(815301076,1909f56bfc062723c751e8b465ee728b)  -> (artifact id: '0cc7ec72a6e7146d421dd4149e866615') in 0.029823 seconds
  Import took 0.056012 seconds .

========================================================================
Received Import Request.
  Time since last request: 0.024964 seconds.
  path: Assets/Terminal.cs
  artifactKey: Guid(4133b506092d5ba449296673050c0eb1) Importer(815301076,1909f56bfc062723c751e8b465ee728b)
Start importing Assets/Terminal.cs using Guid(4133b506092d5ba449296673050c0eb1) Importer(815301076,1909f56bfc062723c751e8b465ee728b)  -> (artifact id: '0cc7ec72a6e7146d421dd4149e866615') in 0.011320 seconds
  Import took 0.019738 seconds .

========================================================================
Received Import Request.
  Time since last request: 105.247176 seconds.
  path: Assets/Terminal.cs
  artifactKey: Guid(4133b506092d5ba449296673050c0eb1) Importer(815301076,1909f56bfc062723c751e8b465ee728b)
Start importing Assets/Terminal.cs using Guid(4133b506092d5ba449296673050c0eb1) Importer(815301076,1909f56bfc062723c751e8b465ee728b)  -> (artifact id: '299c04c65ff2d4f526baa00cca8a44b2') in 0.002701 seconds
  Import took 0.008219 seconds .

========================================================================
Received Import Request.
  Time since last request: 0.033090 seconds.
  path: Assets/Terminal.cs
  artifactKey: Guid(4133b506092d5ba449296673050c0eb1) Importer(815301076,1909f56bfc062723c751e8b465ee728b)
Start importing Assets/Terminal.cs using Guid(4133b506092d5ba449296673050c0eb1) Importer(815301076,1909f56bfc062723c751e8b465ee728b)  -> (artifact id: '299c04c65ff2d4f526baa00cca8a44b2') in 0.005836 seconds
  Import took 0.010559 seconds .

========================================================================
Received Import Request.
  Time since last request: 378.584700 seconds.
  path: Assets/Terminal.cs
  artifactKey: Guid(4133b506092d5ba449296673050c0eb1) Importer(815301076,1909f56bfc062723c751e8b465ee728b)
Start importing Assets/Terminal.cs using Guid(4133b506092d5ba449296673050c0eb1) Importer(815301076,1909f56bfc062723c751e8b465ee728b)  -> (artifact id: 'ebd74ceb87388dff67db7d990233a9cb') in 0.004385 seconds
  Import took 0.012584 seconds .

========================================================================
Received Import Request.
  Time since last request: 89.143301 seconds.
  path: Assets/Terminal.cs
  artifactKey: Guid(4133b506092d5ba449296673050c0eb1) Importer(815301076,1909f56bfc062723c751e8b465ee728b)
Start importing Assets/Terminal.cs using Guid(4133b506092d5ba449296673050c0eb1) Importer(815301076,1909f56bfc062723c751e8b465ee728b)  -> (artifact id: '1174774d7ef1b5b0fc376719506a7e58') in 0.003294 seconds
  Import took 0.008135 seconds .

========================================================================
Received Import Request.
  Time since last request: 5596.142740 seconds.
  path: Assets/Terminal.cs
  artifactKey: Guid(4133b506092d5ba449296673050c0eb1) Importer(815301076,1909f56bfc062723c751e8b465ee728b)
Start importing Assets/Terminal.cs using Guid(4133b506092d5ba449296673050c0eb1) Importer(815301076,1909f56bfc062723c751e8b465ee728b)  -> (artifact id: 'bbf1611f4361ccad75b103ca8b6e1dbd') in 0.002603 seconds
  Import took 0.006531 seconds .

========================================================================
Received Import Request.
  Time since last request: 0.088132 seconds.
  path: Assets/Terminal.cs
  artifactKey: Guid(4133b506092d5ba449296673050c0eb1) Importer(815301076,1909f56bfc062723c751e8b465ee728b)
Start importing Assets/Terminal.cs using Guid(4133b506092d5ba449296673050c0eb1) Importer(815301076,1909f56bfc062723c751e8b465ee728b)  -> (artifact id: 'bbf1611f4361ccad75b103ca8b6e1dbd') in 0.005303 seconds
  Import took 0.010320 seconds .

========================================================================
Received Import Request.
  Time since last request: 384.824309 seconds.
  path: Assets/Terminal.cs
  artifactKey: Guid(4133b506092d5ba449296673050c0eb1) Importer(815301076,1909f56bfc062723c751e8b465ee728b)
Start importing Assets/Terminal.cs using Guid(4133b506092d5ba449296673050c0eb1) Importer(815301076,1909f56bfc062723c751e8b465ee728b)  -> (artifact id: '68ae6c4c9ce2772435cc03bf92d39cad') in 0.002937 seconds
  Import took 0.009339 seconds .

AssetImportWorkerClient::OnTransportError - code=2 error=End of file
